<?xml version="1.0" encoding="UTF-8"?>
<robot generator="Robot 4.1.1 (Python 3.9.7 on win32)" generated="20210926 02:10:20.052" rpa="false" schemaversion="2">
<suite id="s1" name="Nav" source="c:\qaninja\twp\nav.robot">
<test id="s1-t1" name="Deve acessar a tela Dialogs">
<kw name="Open Application" library="AppiumLibrary">
<arg>http://localhost:4723/wd/hub</arg>
<arg>automationName=UiAutomator2</arg>
<arg>platformName=Android</arg>
<arg>deviceName=Android Emulator</arg>
<arg>app=${EXECDIR}/app/twp.apk</arg>
<doc>Opens a new application to given Appium server.
Capabilities of appium server, Android and iOS,
Please check https://github.com/appium/appium/blob/master/docs/en/writing-running-appium/server-args.md
| *Option*            | *Man.* | *Description*     |
| remote_url          | Yes    | Appium server url |
| alias               | no     | alias             |</doc>
<status status="PASS" starttime="20210926 02:10:25.915" endtime="20210926 02:10:56.567"/>
</kw>
<kw name="Wait Until Page Contains" library="AppiumLibrary">
<arg>COMEÇAR</arg>
<arg>5</arg>
<doc>Waits until `text` appears on current page.</doc>
<status status="PASS" starttime="20210926 02:10:56.567" endtime="20210926 02:11:00.484"/>
</kw>
<kw name="Click Text" library="AppiumLibrary">
<arg>COMEÇAR</arg>
<doc>Click text identified by ``text``.</doc>
<status status="PASS" starttime="20210926 02:11:00.484" endtime="20210926 02:11:01.126"/>
</kw>
<kw name="Wait Until Element Is Visible" library="AppiumLibrary">
<arg>xpath=//android.widget.ImageButton[@content-desc="Open navigation drawer"]</arg>
<arg>5</arg>
<doc>Waits until element specified with `locator` is visible.</doc>
<status status="PASS" starttime="20210926 02:11:01.127" endtime="20210926 02:11:02.387"/>
</kw>
<kw name="Click Element" library="AppiumLibrary">
<arg>xpath=//android.widget.ImageButton[@content-desc="Open navigation drawer"]</arg>
<doc>Click element identified by `locator`.</doc>
<msg timestamp="20210926 02:11:02.389" level="INFO">Clicking element 'xpath=//android.widget.ImageButton[@content-desc="Open navigation drawer"]'.</msg>
<status status="PASS" starttime="20210926 02:11:02.387" endtime="20210926 02:11:02.490"/>
</kw>
<kw name="Wait Until Element Is Visible" library="AppiumLibrary">
<arg>id=io.qaninja.android.twp:id/navView</arg>
<arg>5</arg>
<doc>Waits until element specified with `locator` is visible.</doc>
<status status="PASS" starttime="20210926 02:11:02.491" endtime="20210926 02:11:03.436"/>
</kw>
<kw name="Click Text" library="AppiumLibrary">
<arg>DIALOGS</arg>
<doc>Click text identified by ``text``.</doc>
<status status="PASS" starttime="20210926 02:11:03.436" endtime="20210926 02:11:03.567"/>
</kw>
<kw name="Wait Until Element Is Visible" library="AppiumLibrary">
<arg>id=io.qaninja.android.twp:id/toolbarTitle</arg>
<arg>5</arg>
<doc>Waits until element specified with `locator` is visible.</doc>
<status status="PASS" starttime="20210926 02:11:03.568" endtime="20210926 02:11:04.494"/>
</kw>
<kw name="Element Text Should Be" library="AppiumLibrary">
<arg>id=io.qaninja.android.twp:id/toolbarTitle</arg>
<arg>DIALOGS</arg>
<doc>Verifies element identified by ``locator`` exactly contains text ``expected``.</doc>
<msg timestamp="20210926 02:11:04.496" level="INFO">Verifying element 'id=io.qaninja.android.twp:id/toolbarTitle' contains exactly text 'DIALOGS'.</msg>
<status status="PASS" starttime="20210926 02:11:04.494" endtime="20210926 02:11:04.541"/>
</kw>
<kw name="Close Application" library="AppiumLibrary">
<doc>Closes the current application and also close webdriver session.</doc>
<status status="PASS" starttime="20210926 02:11:04.542" endtime="20210926 02:11:05.664"/>
</kw>
<status status="PASS" starttime="20210926 02:10:25.914" endtime="20210926 02:11:05.665"/>
</test>
<status status="PASS" starttime="20210926 02:10:20.060" endtime="20210926 02:11:05.668"/>
</suite>
<statistics>
<total>
<stat pass="1" fail="0" skip="0">All Tests</stat>
</total>
<tag>
</tag>
<suite>
<stat pass="1" fail="0" skip="0" id="s1" name="Nav">Nav</stat>
</suite>
</statistics>
<errors>
</errors>
</robot>
